# JRE version: OpenJDK Runtime Environment (8.0_222-b10) (build 1.8.0_222-b10)
# Java VM: OpenJDK 64-Bit Server VM (25.222-b10 mixed mode windows-amd64 compressed oops)
Heap:
 PSYoungGen      total 145408K, used 13503K [0x00000000d6100000, 0x00000000dff00000, 0x0000000100000000)
  eden space 130560K, 6% used [0x00000000d6100000,0x00000000d68b9380,0x00000000de080000)
  from space 14848K, 37% used [0x00000000def80000,0x00000000df4f6af0,0x00000000dfe00000)
  to   space 15360K, 0% used [0x00000000de080000,0x00000000de080000,0x00000000def80000)
 ParOldGen       total 86016K, used 28584K [0x0000000082200000, 0x0000000087600000, 0x00000000d6100000)
  object space 86016K, 33% used [0x0000000082200000,0x0000000083dea2f0,0x0000000087600000)
 Metaspace       used 20698K, capacity 20920K, committed 21120K, reserved 1067008K
  class space    used 2543K, capacity 2604K, committed 2688K, reserved 1048576K
GC Heap History (10 events):
Event: 0.784 GC heap before
{Heap before GC invocations=2 (full 0):
 PSYoungGen      total 37888K, used 37878K [0x00000000d6100000, 0x00000000d8b00000, 0x0000000100000000)
  eden space 32768K, 100% used [0x00000000d6100000,0x00000000d8100000,0x00000000d8100000)
  from space 5120K, 99% used [0x00000000d8100000,0x00000000d85fd958,0x00000000d8600000)
  to   space 5120K, 0% used [0x00000000d8600000,0x00000000d8600000,0x00000000d8b00000)
 ParOldGen       total 86016K, used 1608K [0x0000000082200000, 0x0000000087600000, 0x00000000d6100000)
  object space 86016K, 1% used [0x0000000082200000,0x00000000823923c8,0x0000000087600000)
 Metaspace       used 8355K, capacity 8526K, committed 8832K, reserved 1056768K
  class space    used 992K, capacity 1045K, committed 1152K, reserved 1048576K
Event: 0.792 GC heap after
Heap after GC invocations=2 (full 0):
 PSYoungGen      total 37888K, used 5098K [0x00000000d6100000, 0x00000000dab00000, 0x0000000100000000)
  eden space 32768K, 0% used [0x00000000d6100000,0x00000000d6100000,0x00000000d8100000)
  from space 5120K, 99% used [0x00000000d8600000,0x00000000d8afab10,0x00000000d8b00000)
  to   space 5120K, 0% used [0x00000000d8100000,0x00000000d8100000,0x00000000d8600000)
 ParOldGen       total 86016K, used 9134K [0x0000000082200000, 0x0000000087600000, 0x00000000d6100000)
  object space 86016K, 10% used [0x0000000082200000,0x0000000082aeb838,0x0000000087600000)
 Metaspace       used 8355K, capacity 8526K, committed 8832K, reserved 1056768K
  class space    used 992K, capacity 1045K, committed 1152K, reserved 1048576K
}
Event: 1.155 GC heap before
{Heap before GC invocations=3 (full 0):
 PSYoungGen      total 37888K, used 37866K [0x00000000d6100000, 0x00000000dab00000, 0x0000000100000000)
  eden space 32768K, 100% used [0x00000000d6100000,0x00000000d8100000,0x00000000d8100000)
  from space 5120K, 99% used [0x00000000d8600000,0x00000000d8afab10,0x00000000d8b00000)
  to   space 5120K, 0% used [0x00000000d8100000,0x00000000d8100000,0x00000000d8600000)
 ParOldGen       total 86016K, used 9134K [0x0000000082200000, 0x0000000087600000, 0x00000000d6100000)
  object space 86016K, 10% used [0x0000000082200000,0x0000000082aeb838,0x0000000087600000)
 Metaspace       used 11759K, capacity 11866K, committed 12032K, reserved 1060864K
  class space    used 1456K, capacity 1495K, committed 1536K, reserved 1048576K
Event: 1.162 GC heap after
Heap after GC invocations=3 (full 0):
 PSYoungGen      total 37888K, used 5106K [0x00000000d6100000, 0x00000000dab00000, 0x0000000100000000)
  eden space 32768K, 0% used [0x00000000d6100000,0x00000000d6100000,0x00000000d8100000)
  from space 5120K, 99% used [0x00000000d8100000,0x00000000d85fcb00,0x00000000d8600000)
  to   space 5120K, 0% used [0x00000000da600000,0x00000000da600000,0x00000000dab00000)
 ParOldGen       total 86016K, used 15641K [0x0000000082200000, 0x0000000087600000, 0x00000000d6100000)
  object space 86016K, 18% used [0x0000000082200000,0x0000000083146690,0x0000000087600000)
 Metaspace       used 11759K, capacity 11866K, committed 12032K, reserved 1060864K
  class space    used 1456K, capacity 1495K, committed 1536K, reserved 1048576K
}
Event: 1.599 GC heap before
{Heap before GC invocations=4 (full 0):
 PSYoungGen      total 37888K, used 37874K [0x00000000d6100000, 0x00000000dab00000, 0x0000000100000000)
  eden space 32768K, 100% used [0x00000000d6100000,0x00000000d8100000,0x00000000d8100000)
  from space 5120K, 99% used [0x00000000d8100000,0x00000000d85fcb00,0x00000000d8600000)
  to   space 5120K, 0% used [0x00000000da600000,0x00000000da600000,0x00000000dab00000)
 ParOldGen       total 86016K, used 15641K [0x0000000082200000, 0x0000000087600000, 0x00000000d6100000)
  object space 86016K, 18% used [0x0000000082200000,0x0000000083146690,0x0000000087600000)
 Metaspace       used 14879K, capacity 14998K, committed 15232K, reserved 1062912K
  class space    used 1868K, capacity 1889K, committed 1920K, reserved 1048576K
Event: 1.610 GC heap after
Heap after GC invocations=4 (full 0):
 PSYoungGen      total 70656K, used 5090K [0x00000000d6100000, 0x00000000dab00000, 0x0000000100000000)
  eden space 65536K, 0% used [0x00000000d6100000,0x00000000d6100000,0x00000000da100000)
  from space 5120K, 99% used [0x00000000da600000,0x00000000daaf8af0,0x00000000dab00000)
  to   space 5120K, 0% used [0x00000000da100000,0x00000000da100000,0x00000000da600000)
 ParOldGen       total 86016K, used 21711K [0x0000000082200000, 0x0000000087600000, 0x00000000d6100000)
  object space 86016K, 25% used [0x0000000082200000,0x0000000083733f48,0x0000000087600000)
 Metaspace       used 14879K, capacity 14998K, committed 15232K, reserved 1062912K
  class space    used 1868K, capacity 1889K, committed 1920K, reserved 1048576K
}
Event: 3.025 GC heap before
{Heap before GC invocations=5 (full 0):
 PSYoungGen      total 70656K, used 70626K [0x00000000d6100000, 0x00000000dab00000, 0x0000000100000000)
  eden space 65536K, 100% used [0x00000000d6100000,0x00000000da100000,0x00000000da100000)
  from space 5120K, 99% used [0x00000000da600000,0x00000000daaf8af0,0x00000000dab00000)
  to   space 5120K, 0% used [0x00000000da100000,0x00000000da100000,0x00000000da600000)
 ParOldGen       total 86016K, used 21711K [0x0000000082200000, 0x0000000087600000, 0x00000000d6100000)
  object space 86016K, 25% used [0x0000000082200000,0x0000000083733f48,0x0000000087600000)
 Metaspace       used 19306K, capacity 19552K, committed 19712K, reserved 1067008K
  class space    used 2423K, capacity 2472K, committed 2560K, reserved 1048576K
Event: 3.045 GC heap after
Heap after GC invocations=5 (full 0):
 PSYoungGen      total 70656K, used 5098K [0x00000000d6100000, 0x00000000dfe00000, 0x0000000100000000)
  eden space 65536K, 0% used [0x00000000d6100000,0x00000000d6100000,0x00000000da100000)
  from space 5120K, 99% used [0x00000000da100000,0x00000000da5fab00,0x00000000da600000)
  to   space 14848K, 0% used [0x00000000def80000,0x00000000def80000,0x00000000dfe00000)
 ParOldGen       total 86016K, used 28584K [0x0000000082200000, 0x0000000087600000, 0x00000000d6100000)
  object space 86016K, 33% used [0x0000000082200000,0x0000000083dea2f0,0x0000000087600000)
 Metaspace       used 19306K, capacity 19552K, committed 19712K, reserved 1067008K
  class space    used 2423K, capacity 2472K, committed 2560K, reserved 1048576K
}
Event: 3.639 GC heap before
{Heap before GC invocations=6 (full 0):
 PSYoungGen      total 70656K, used 70634K [0x00000000d6100000, 0x00000000dfe00000, 0x0000000100000000)
  eden space 65536K, 100% used [0x00000000d6100000,0x00000000da100000,0x00000000da100000)
  from space 5120K, 99% used [0x00000000da100000,0x00000000da5fab00,0x00000000da600000)
  to   space 14848K, 0% used [0x00000000def80000,0x00000000def80000,0x00000000dfe00000)
 ParOldGen       total 86016K, used 28584K [0x0000000082200000, 0x0000000087600000, 0x00000000d6100000)
  object space 86016K, 33% used [0x0000000082200000,0x0000000083dea2f0,0x0000000087600000)
 Metaspace       used 19670K, capacity 19896K, committed 20224K, reserved 1067008K
  class space    used 2434K, capacity 2476K, committed 2560K, reserved 1048576K
Event: 3.651 GC heap after
Heap after GC invocations=6 (full 0):
 PSYoungGen      total 145408K, used 5594K [0x00000000d6100000, 0x00000000dff00000, 0x0000000100000000)
  eden space 130560K, 0% used [0x00000000d6100000,0x00000000d6100000,0x00000000de080000)
  from space 14848K, 37% used [0x00000000def80000,0x00000000df4f6af0,0x00000000dfe00000)
  to   space 15360K, 0% used [0x00000000de080000,0x00000000de080000,0x00000000def80000)
 ParOldGen       total 86016K, used 28584K [0x0000000082200000, 0x0000000087600000, 0x00000000d6100000)
  object space 86016K, 33% used [0x0000000082200000,0x0000000083dea2f0,0x0000000087600000)
 Metaspace       used 19670K, capacity 19896K, committed 20224K, reserved 1067008K
  class space    used 2434K, capacity 2476K, committed 2560K, reserved 1048576K
}

