# JRE version: Java(TM) SE Runtime Environment (8.0_231-b11) (build 1.8.0_231-b11)
# Java VM: Java HotSpot(TM) 64-Bit Server VM (25.231-b11 mixed mode windows-amd64 compressed oops)
Heap:
 PSYoungGen      total 92160K, used 84176K [0x00000000eb500000, 0x00000000f4880000, 0x0000000100000000)
  eden space 89088K, 91% used [0x00000000eb500000,0x00000000f04361e8,0x00000000f0c00000)
  from space 3072K, 99% used [0x00000000f4580000,0x00000000f487e058,0x00000000f4880000)
  to   space 16896K, 0% used [0x00000000f2780000,0x00000000f2780000,0x00000000f3800000)
 ParOldGen       total 67584K, used 26837K [0x00000000c1e00000, 0x00000000c6000000, 0x00000000eb500000)
  object space 67584K, 39% used [0x00000000c1e00000,0x00000000c38354b0,0x00000000c6000000)
 Metaspace       used 20712K, capacity 20988K, committed 21248K, reserved 1067008K
  class space    used 2627K, capacity 2706K, committed 2816K, reserved 1048576K
GC Heap History (10 events):
Event: 2.985 GC heap before
{Heap before GC invocations=3 (full 0):
 PSYoungGen      total 35328K, used 35298K [0x00000000eb500000, 0x00000000eda00000, 0x0000000100000000)
  eden space 32768K, 100% used [0x00000000eb500000,0x00000000ed500000,0x00000000ed500000)
  from space 2560K, 98% used [0x00000000ed780000,0x00000000ed9f8b60,0x00000000eda00000)
  to   space 2560K, 0% used [0x00000000ed500000,0x00000000ed500000,0x00000000ed780000)
 ParOldGen       total 44032K, used 3577K [0x00000000c1e00000, 0x00000000c4900000, 0x00000000eb500000)
  object space 44032K, 8% used [0x00000000c1e00000,0x00000000c217e7b0,0x00000000c4900000)
 Metaspace       used 8330K, capacity 8430K, committed 8576K, reserved 1056768K
  class space    used 1033K, capacity 1077K, committed 1152K, reserved 1048576K
Event: 3.010 GC heap after
Heap after GC invocations=3 (full 0):
 PSYoungGen      total 35328K, used 2543K [0x00000000eb500000, 0x00000000efa00000, 0x0000000100000000)
  eden space 32768K, 0% used [0x00000000eb500000,0x00000000eb500000,0x00000000ed500000)
  from space 2560K, 99% used [0x00000000ed500000,0x00000000ed77be50,0x00000000ed780000)
  to   space 2560K, 0% used [0x00000000ef780000,0x00000000ef780000,0x00000000efa00000)
 ParOldGen       total 44032K, used 12190K [0x00000000c1e00000, 0x00000000c4900000, 0x00000000eb500000)
  object space 44032K, 27% used [0x00000000c1e00000,0x00000000c29e7830,0x00000000c4900000)
 Metaspace       used 8330K, capacity 8430K, committed 8576K, reserved 1056768K
  class space    used 1033K, capacity 1077K, committed 1152K, reserved 1048576K
}
Event: 4.231 GC heap before
{Heap before GC invocations=4 (full 0):
 PSYoungGen      total 35328K, used 35311K [0x00000000eb500000, 0x00000000efa00000, 0x0000000100000000)
  eden space 32768K, 100% used [0x00000000eb500000,0x00000000ed500000,0x00000000ed500000)
  from space 2560K, 99% used [0x00000000ed500000,0x00000000ed77be50,0x00000000ed780000)
  to   space 2560K, 0% used [0x00000000ef780000,0x00000000ef780000,0x00000000efa00000)
 ParOldGen       total 44032K, used 12190K [0x00000000c1e00000, 0x00000000c4900000, 0x00000000eb500000)
  object space 44032K, 27% used [0x00000000c1e00000,0x00000000c29e7830,0x00000000c4900000)
 Metaspace       used 11674K, capacity 11802K, committed 12160K, reserved 1060864K
  class space    used 1503K, capacity 1559K, committed 1664K, reserved 1048576K
Event: 4.257 GC heap after
Heap after GC invocations=4 (full 0):
 PSYoungGen      total 68096K, used 2546K [0x00000000eb500000, 0x00000000efa00000, 0x0000000100000000)
  eden space 65536K, 0% used [0x00000000eb500000,0x00000000eb500000,0x00000000ef500000)
  from space 2560K, 99% used [0x00000000ef780000,0x00000000ef9fcb70,0x00000000efa00000)
  to   space 2560K, 0% used [0x00000000ef500000,0x00000000ef500000,0x00000000ef780000)
 ParOldGen       total 44032K, used 19473K [0x00000000c1e00000, 0x00000000c4900000, 0x00000000eb500000)
  object space 44032K, 44% used [0x00000000c1e00000,0x00000000c31047c0,0x00000000c4900000)
 Metaspace       used 11674K, capacity 11802K, committed 12160K, reserved 1060864K
  class space    used 1503K, capacity 1559K, committed 1664K, reserved 1048576K
}
Event: 8.465 GC heap before
{Heap before GC invocations=5 (full 0):
 PSYoungGen      total 68096K, used 68082K [0x00000000eb500000, 0x00000000efa00000, 0x0000000100000000)
  eden space 65536K, 100% used [0x00000000eb500000,0x00000000ef500000,0x00000000ef500000)
  from space 2560K, 99% used [0x00000000ef780000,0x00000000ef9fcb70,0x00000000efa00000)
  to   space 2560K, 0% used [0x00000000ef500000,0x00000000ef500000,0x00000000ef780000)
 ParOldGen       total 44032K, used 19473K [0x00000000c1e00000, 0x00000000c4900000, 0x00000000eb500000)
  object space 44032K, 44% used [0x00000000c1e00000,0x00000000c31047c0,0x00000000c4900000)
 Metaspace       used 18289K, capacity 18488K, committed 18944K, reserved 1064960K
  class space    used 2399K, capacity 2444K, committed 2560K, reserved 1048576K
Event: 8.509 GC heap after
Heap after GC invocations=5 (full 0):
 PSYoungGen      total 68096K, used 2559K [0x00000000eb500000, 0x00000000f5600000, 0x0000000100000000)
  eden space 65536K, 0% used [0x00000000eb500000,0x00000000eb500000,0x00000000ef500000)
  from space 2560K, 99% used [0x00000000ef500000,0x00000000ef77ff30,0x00000000ef780000)
  to   space 16896K, 0% used [0x00000000f4580000,0x00000000f4580000,0x00000000f5600000)
 ParOldGen       total 44032K, used 30820K [0x00000000c1e00000, 0x00000000c4900000, 0x00000000eb500000)
  object space 44032K, 69% used [0x00000000c1e00000,0x00000000c3c193f8,0x00000000c4900000)
 Metaspace       used 18289K, capacity 18488K, committed 18944K, reserved 1064960K
  class space    used 2399K, capacity 2444K, committed 2560K, reserved 1048576K
}
Event: 8.509 GC heap before
{Heap before GC invocations=6 (full 1):
 PSYoungGen      total 68096K, used 2559K [0x00000000eb500000, 0x00000000f5600000, 0x0000000100000000)
  eden space 65536K, 0% used [0x00000000eb500000,0x00000000eb500000,0x00000000ef500000)
  from space 2560K, 99% used [0x00000000ef500000,0x00000000ef77ff30,0x00000000ef780000)
  to   space 16896K, 0% used [0x00000000f4580000,0x00000000f4580000,0x00000000f5600000)
 ParOldGen       total 44032K, used 30820K [0x00000000c1e00000, 0x00000000c4900000, 0x00000000eb500000)
  object space 44032K, 69% used [0x00000000c1e00000,0x00000000c3c193f8,0x00000000c4900000)
 Metaspace       used 18289K, capacity 18488K, committed 18944K, reserved 1064960K
  class space    used 2399K, capacity 2444K, committed 2560K, reserved 1048576K
Event: 8.752 GC heap after
Heap after GC invocations=6 (full 1):
 PSYoungGen      total 68096K, used 0K [0x00000000eb500000, 0x00000000f5600000, 0x0000000100000000)
  eden space 65536K, 0% used [0x00000000eb500000,0x00000000eb500000,0x00000000ef500000)
  from space 2560K, 0% used [0x00000000ef500000,0x00000000ef500000,0x00000000ef780000)
  to   space 16896K, 0% used [0x00000000f4580000,0x00000000f4580000,0x00000000f5600000)
 ParOldGen       total 67584K, used 26829K [0x00000000c1e00000, 0x00000000c6000000, 0x00000000eb500000)
  object space 67584K, 39% used [0x00000000c1e00000,0x00000000c38334b0,0x00000000c6000000)
 Metaspace       used 18289K, capacity 18488K, committed 18944K, reserved 1064960K
  class space    used 2399K, capacity 2444K, committed 2560K, reserved 1048576K
}
Event: 11.331 GC heap before
{Heap before GC invocations=7 (full 1):
 PSYoungGen      total 68096K, used 65536K [0x00000000eb500000, 0x00000000f5600000, 0x0000000100000000)
  eden space 65536K, 100% used [0x00000000eb500000,0x00000000ef500000,0x00000000ef500000)
  from space 2560K, 0% used [0x00000000ef500000,0x00000000ef500000,0x00000000ef780000)
  to   space 16896K, 0% used [0x00000000f4580000,0x00000000f4580000,0x00000000f5600000)
 ParOldGen       total 67584K, used 26829K [0x00000000c1e00000, 0x00000000c6000000, 0x00000000eb500000)
  object space 67584K, 39% used [0x00000000c1e00000,0x00000000c38334b0,0x00000000c6000000)
 Metaspace       used 19441K, capacity 19646K, committed 19712K, reserved 1067008K
  class space    used 2504K, capacity 2541K, committed 2560K, reserved 1048576K
Event: 11.352 GC heap after
Heap after GC invocations=7 (full 1):
 PSYoungGen      total 92160K, used 3064K [0x00000000eb500000, 0x00000000f4880000, 0x0000000100000000)
  eden space 89088K, 0% used [0x00000000eb500000,0x00000000eb500000,0x00000000f0c00000)
  from space 3072K, 99% used [0x00000000f4580000,0x00000000f487e058,0x00000000f4880000)
  to   space 16896K, 0% used [0x00000000f2780000,0x00000000f2780000,0x00000000f3800000)
 ParOldGen       total 67584K, used 26837K [0x00000000c1e00000, 0x00000000c6000000, 0x00000000eb500000)
  object space 67584K, 39% used [0x00000000c1e00000,0x00000000c38354b0,0x00000000c6000000)
 Metaspace       used 19441K, capacity 19646K, committed 19712K, reserved 1067008K
  class space    used 2504K, capacity 2541K, committed 2560K, reserved 1048576K
}

